build/outputs/logs/manifest-merger-debug-report.txt
-- Merging decision tree log ---
manifest
ADDED from AndroidManifest.xml:2:1
	package
		ADDED from AndroidManifest.xml:3:5
	android:versionName
		ADDED from AndroidManifest.xml:5:5
	android:versionCode
		ADDED from AndroidManifest.xml:4:5
		INJECTED from AndroidManifest.xml:0:0
		INJECTED from AndroidManifest.xml:0:0
	xmlns:android
		ADDED from AndroidManifest.xml:2:11
application
ADDED from AndroidManifest.xml:6:5
	android:label
		ADDED from AndroidManifest.xml:8:9
	android:icon
		ADDED from AndroidManifest.xml:7:9
activity#kankan.wheel.demo.DateTimeActivity
ADDED from AndroidManifest.xml:9:9
	android:name
		ADDED from AndroidManifest.xml:9:19
intent-filter#android.intent.action.MAIN+android.intent.category.LAUNCHER
ADDED from AndroidManifest.xml:10:13
action#android.intent.action.MAIN
ADDED from AndroidManifest.xml:11:17
	android:name
		ADDED from AndroidManifest.xml:11:25
category#android.intent.category.LAUNCHER
ADDED from AndroidManifest.xml:12:17
	android:name
		ADDED from AndroidManifest.xml:12:27
activity#kankan.wheel.demo.Time2Activity
ADDED from AndroidManifest.xml:24:9
	android:label
		ADDED from AndroidManifest.xml:26:13
	android:name
		ADDED from AndroidManifest.xml:25:13
intent-filter#android.intent.action.MAIN+kankan.wheel.WHEEL_SAMPLE
ADDED from AndroidManifest.xml:27:13
category#kankan.wheel.WHEEL_SAMPLE
ADDED from AndroidManifest.xml:30:17
	android:name
		ADDED from AndroidManifest.xml:30:27
activity#kankan.wheel.demo.DateActivity
ADDED from AndroidManifest.xml:33:9
	android:label
		ADDED from AndroidManifest.xml:35:13
	android:name
		ADDED from AndroidManifest.xml:34:13
activity#kankan.wheel.demo.PasswActivity
ADDED from AndroidManifest.xml:42:9
	android:label
		ADDED from AndroidManifest.xml:44:13
	android:name
		ADDED from AndroidManifest.xml:43:13
activity#kankan.wheel.demo.SlotMachineActivity
ADDED from AndroidManifest.xml:51:9
	android:label
		ADDED from AndroidManifest.xml:53:13
	android:name
		ADDED from AndroidManifest.xml:52:13
activity#kankan.wheel.demo.CitiesActivity
ADDED from AndroidManifest.xml:60:9
	android:label
		ADDED from AndroidManifest.xml:62:13
	android:name
		ADDED from AndroidManifest.xml:61:13
activity#kankan.wheel.demo.DialogActivityDemo
ADDED from AndroidManifest.xml:78:9
	android:screenOrientation
		ADDED from AndroidManifest.xml:80:13
	android:theme
		ADDED from AndroidManifest.xml:81:13
	android:name
		ADDED from AndroidManifest.xml:79:13